{
  "RSpec": {
    "coverage": {
      "/Users/shannongamby/Desktop/Projects/bank_tech_test/spec/account_spec.rb": [
        1,
        null,
        1,
        1,
        1,
        1,
        1,
        null,
        null,
        null,
        1,
        1,
        1,
        1,
        1,
        null,
        null,
        1,
        1,
        1,
        null,
        null,
        null
      ],
      "/Users/shannongamby/Desktop/Projects/bank_tech_test/lib/account.rb": [
        1,
        1,
        null,
        1,
        3,
        null,
        null,
        1,
        2,
        null,
        null,
        1,
        2,
        null,
        null
      ]
    },
    "timestamp": 1543848200
  }
}
